Analysis & Synthesis report for main
Fri Dec 20 14:58:31 2019
Quartus II 64-Bit Version 13.0.1 Build 232 06/12/2013 Service Pack 1 SJ Full Version


---------------------
; Table of Contents ;
---------------------
  1. Legal Notice
  2. Analysis & Synthesis Summary
  3. Analysis & Synthesis Settings
  4. Parallel Compilation
  5. Analysis & Synthesis Source Files Read
  6. Analysis & Synthesis Resource Usage Summary
  7. Analysis & Synthesis Resource Utilization by Entity
  8. State Machine - |main|mechine:inst1|state
  9. Registers Removed During Synthesis
 10. General Register Statistics
 11. Inverted Register Statistics
 12. Multiplexer Restructuring Statistics (Restructuring Performed)
 13. Parameter Settings for User Entity Instance: mechine:inst1
 14. Parameter Settings for Inferred Entity Instance: mechine:inst1|lpm_divide:Mod0
 15. Parameter Settings for Inferred Entity Instance: showall:inst5|DigChoose:dc|lpm_divide:Mod0
 16. Parameter Settings for Inferred Entity Instance: showall:inst5|DigChoose:dc|lpm_divide:Div0
 17. Parameter Settings for Inferred Entity Instance: showall:inst5|DigChoose:dc|lpm_divide:Mod1
 18. Parameter Settings for Inferred Entity Instance: showall:inst5|DigChoose:dc|lpm_divide:Div1
 19. Port Connectivity Checks: "showall:inst5|show:sh"
 20. Elapsed Time Per Partition
 21. Analysis & Synthesis Messages
 22. Analysis & Synthesis Suppressed Messages



----------------
; Legal Notice ;
----------------
Copyright (C) 1991-2013 Altera Corporation
Your use of Altera Corporation's design tools, logic functions 
and other software and tools, and its AMPP partner logic 
functions, and any output files from any of the foregoing 
(including device programming or simulation files), and any 
associated documentation or information are expressly subject 
to the terms and conditions of the Altera Program License 
Subscription Agreement, Altera MegaCore Function License 
Agreement, or other applicable license agreement, including, 
without limitation, that your use is for the sole purpose of 
programming logic devices manufactured by Altera and sold by 
Altera or its authorized distributors.  Please refer to the 
applicable agreement for further details.



+---------------------------------------------------------------------------------------+
; Analysis & Synthesis Summary                                                          ;
+------------------------------------+--------------------------------------------------+
; Analysis & Synthesis Status        ; Successful - Fri Dec 20 14:58:31 2019            ;
; Quartus II 64-Bit Version          ; 13.0.1 Build 232 06/12/2013 SP 1 SJ Full Version ;
; Revision Name                      ; main                                             ;
; Top-level Entity Name              ; main                                             ;
; Family                             ; Cyclone II                                       ;
; Total logic elements               ; 657                                              ;
;     Total combinational functions  ; 656                                              ;
;     Dedicated logic registers      ; 131                                              ;
; Total registers                    ; 131                                              ;
; Total pins                         ; 20                                               ;
; Total virtual pins                 ; 0                                                ;
; Total memory bits                  ; 0                                                ;
; Embedded Multiplier 9-bit elements ; 0                                                ;
; Total PLLs                         ; 0                                                ;
+------------------------------------+--------------------------------------------------+


+----------------------------------------------------------------------------------------------------------------------+
; Analysis & Synthesis Settings                                                                                        ;
+----------------------------------------------------------------------------+--------------------+--------------------+
; Option                                                                     ; Setting            ; Default Value      ;
+----------------------------------------------------------------------------+--------------------+--------------------+
; Device                                                                     ; EP2C5Q208C8        ;                    ;
; Top-level entity name                                                      ; main               ; main               ;
; Family name                                                                ; Cyclone II         ; Cyclone IV GX      ;
; Use smart compilation                                                      ; Off                ; Off                ;
; Enable parallel Assembler and TimeQuest Timing Analyzer during compilation ; On                 ; On                 ;
; Enable compact report table                                                ; Off                ; Off                ;
; Restructure Multiplexers                                                   ; Auto               ; Auto               ;
; Create Debugging Nodes for IP Cores                                        ; Off                ; Off                ;
; Preserve fewer node names                                                  ; On                 ; On                 ;
; Disable OpenCore Plus hardware evaluation                                  ; Off                ; Off                ;
; Verilog Version                                                            ; Verilog_2001       ; Verilog_2001       ;
; VHDL Version                                                               ; VHDL_1993          ; VHDL_1993          ;
; State Machine Processing                                                   ; Auto               ; Auto               ;
; Safe State Machine                                                         ; Off                ; Off                ;
; Extract Verilog State Machines                                             ; On                 ; On                 ;
; Extract VHDL State Machines                                                ; On                 ; On                 ;
; Ignore Verilog initial constructs                                          ; Off                ; Off                ;
; Iteration limit for constant Verilog loops                                 ; 5000               ; 5000               ;
; Iteration limit for non-constant Verilog loops                             ; 250                ; 250                ;
; Add Pass-Through Logic to Inferred RAMs                                    ; On                 ; On                 ;
; Infer RAMs from Raw Logic                                                  ; On                 ; On                 ;
; Parallel Synthesis                                                         ; On                 ; On                 ;
; DSP Block Balancing                                                        ; Auto               ; Auto               ;
; NOT Gate Push-Back                                                         ; On                 ; On                 ;
; Power-Up Don't Care                                                        ; On                 ; On                 ;
; Remove Redundant Logic Cells                                               ; Off                ; Off                ;
; Remove Duplicate Registers                                                 ; On                 ; On                 ;
; Ignore CARRY Buffers                                                       ; Off                ; Off                ;
; Ignore CASCADE Buffers                                                     ; Off                ; Off                ;
; Ignore GLOBAL Buffers                                                      ; Off                ; Off                ;
; Ignore ROW GLOBAL Buffers                                                  ; Off                ; Off                ;
; Ignore LCELL Buffers                                                       ; Off                ; Off                ;
; Ignore SOFT Buffers                                                        ; On                 ; On                 ;
; Limit AHDL Integers to 32 Bits                                             ; Off                ; Off                ;
; Optimization Technique                                                     ; Balanced           ; Balanced           ;
; Carry Chain Length                                                         ; 70                 ; 70                 ;
; Auto Carry Chains                                                          ; On                 ; On                 ;
; Auto Open-Drain Pins                                                       ; On                 ; On                 ;
; Perform WYSIWYG Primitive Resynthesis                                      ; Off                ; Off                ;
; Auto ROM Replacement                                                       ; On                 ; On                 ;
; Auto RAM Replacement                                                       ; On                 ; On                 ;
; Auto Shift Register Replacement                                            ; Auto               ; Auto               ;
; Allow Shift Register Merging across Hierarchies                            ; Auto               ; Auto               ;
; Auto Clock Enable Replacement                                              ; On                 ; On                 ;
; Strict RAM Replacement                                                     ; Off                ; Off                ;
; Allow Synchronous Control Signals                                          ; On                 ; On                 ;
; Force Use of Synchronous Clear Signals                                     ; Off                ; Off                ;
; Auto RAM to Logic Cell Conversion                                          ; Off                ; Off                ;
; Auto Resource Sharing                                                      ; Off                ; Off                ;
; Allow Any RAM Size For Recognition                                         ; Off                ; Off                ;
; Allow Any ROM Size For Recognition                                         ; Off                ; Off                ;
; Allow Any Shift Register Size For Recognition                              ; Off                ; Off                ;
; Use LogicLock Constraints during Resource Balancing                        ; On                 ; On                 ;
; Ignore translate_off and synthesis_off directives                          ; Off                ; Off                ;
; Timing-Driven Synthesis                                                    ; Off                ; Off                ;
; Report Parameter Settings                                                  ; On                 ; On                 ;
; Report Source Assignments                                                  ; On                 ; On                 ;
; Report Connectivity Checks                                                 ; On                 ; On                 ;
; Ignore Maximum Fan-Out Assignments                                         ; Off                ; Off                ;
; Synchronization Register Chain Length                                      ; 2                  ; 2                  ;
; PowerPlay Power Optimization                                               ; Normal compilation ; Normal compilation ;
; HDL message level                                                          ; Level2             ; Level2             ;
; Suppress Register Optimization Related Messages                            ; Off                ; Off                ;
; Number of Removed Registers Reported in Synthesis Report                   ; 5000               ; 5000               ;
; Number of Swept Nodes Reported in Synthesis Report                         ; 5000               ; 5000               ;
; Number of Inverted Registers Reported in Synthesis Report                  ; 100                ; 100                ;
; Clock MUX Protection                                                       ; On                 ; On                 ;
; Auto Gated Clock Conversion                                                ; Off                ; Off                ;
; Block Design Naming                                                        ; Auto               ; Auto               ;
; SDC constraint protection                                                  ; Off                ; Off                ;
; Synthesis Effort                                                           ; Auto               ; Auto               ;
; Shift Register Replacement - Allow Asynchronous Clear Signal               ; On                 ; On                 ;
; Pre-Mapping Resynthesis Optimization                                       ; Off                ; Off                ;
; Analysis & Synthesis Message Level                                         ; Medium             ; Medium             ;
; Disable Register Merging Across Hierarchies                                ; Auto               ; Auto               ;
; Resource Aware Inference For Block RAM                                     ; On                 ; On                 ;
; Synthesis Seed                                                             ; 1                  ; 1                  ;
+----------------------------------------------------------------------------+--------------------+--------------------+


+------------------------------------------+
; Parallel Compilation                     ;
+----------------------------+-------------+
; Processors                 ; Number      ;
+----------------------------+-------------+
; Number detected on machine ; 4           ;
; Maximum allowed            ; 2           ;
;                            ;             ;
; Average used               ; 1.00        ;
; Maximum used               ; 1           ;
;                            ;             ;
; Usage by Processor         ; % Time Used ;
;     Processor 1            ; 100.0%      ;
;     Processors 2-4         ;   0.0%      ;
+----------------------------+-------------+


+--------------------------------------------------------------------------------------------------------------------------------------------------------------------------------------------+
; Analysis & Synthesis Source Files Read                                                                                                                                                     ;
+----------------------------------+-----------------+------------------------------------+----------------------------------------------------------------------------------------+---------+
; File Name with User-Entered Path ; Used in Netlist ; File Type                          ; File Name with Absolute Path                                                           ; Library ;
+----------------------------------+-----------------+------------------------------------+----------------------------------------------------------------------------------------+---------+
; ../keyMatrix/keyMatrix.v         ; yes             ; User Verilog HDL File              ; C:/altera/13.0sp1/projects/2018011501eda2/ChargePhone1/keyMatrix/keyMatrix.v           ;         ;
; ../showall/showall.v             ; yes             ; User Verilog HDL File              ; C:/altera/13.0sp1/projects/2018011501eda2/ChargePhone1/showall/showall.v               ;         ;
; ../DigChoose/DigChoose.v         ; yes             ; User Verilog HDL File              ; C:/altera/13.0sp1/projects/2018011501eda2/ChargePhone1/DigChoose/DigChoose.v           ;         ;
; ../show/show.v                   ; yes             ; User Verilog HDL File              ; C:/altera/13.0sp1/projects/2018011501eda2/ChargePhone1/show/show.v                     ;         ;
; ../mechine/mechine.v             ; yes             ; User Verilog HDL File              ; C:/altera/13.0sp1/projects/2018011501eda2/ChargePhone1/mechine/mechine.v               ;         ;
; ../freq/freq.v                   ; yes             ; User Verilog HDL File              ; C:/altera/13.0sp1/projects/2018011501eda2/ChargePhone1/freq/freq.v                     ;         ;
; main.bdf                         ; yes             ; User Block Diagram/Schematic File  ; C:/altera/13.0sp1/projects/2018011501eda2/ChargePhone1/main/main.bdf                   ;         ;
; lpm_divide.tdf                   ; yes             ; Megafunction                       ; c:/altera/13.0sp1/quartus/libraries/megafunctions/lpm_divide.tdf                       ;         ;
; abs_divider.inc                  ; yes             ; Megafunction                       ; c:/altera/13.0sp1/quartus/libraries/megafunctions/abs_divider.inc                      ;         ;
; sign_div_unsign.inc              ; yes             ; Megafunction                       ; c:/altera/13.0sp1/quartus/libraries/megafunctions/sign_div_unsign.inc                  ;         ;
; aglobal130.inc                   ; yes             ; Megafunction                       ; c:/altera/13.0sp1/quartus/libraries/megafunctions/aglobal130.inc                       ;         ;
; db/lpm_divide_j6m.tdf            ; yes             ; Auto-Generated Megafunction        ; C:/altera/13.0sp1/projects/2018011501eda2/ChargePhone1/main/db/lpm_divide_j6m.tdf      ;         ;
; db/sign_div_unsign_qlh.tdf       ; yes             ; Auto-Generated Megafunction        ; C:/altera/13.0sp1/projects/2018011501eda2/ChargePhone1/main/db/sign_div_unsign_qlh.tdf ;         ;
; db/alt_u_div_m2f.tdf             ; yes             ; Auto-Generated Megafunction        ; C:/altera/13.0sp1/projects/2018011501eda2/ChargePhone1/main/db/alt_u_div_m2f.tdf       ;         ;
; db/add_sub_lkc.tdf               ; yes             ; Auto-Generated Megafunction        ; C:/altera/13.0sp1/projects/2018011501eda2/ChargePhone1/main/db/add_sub_lkc.tdf         ;         ;
; db/add_sub_mkc.tdf               ; yes             ; Auto-Generated Megafunction        ; C:/altera/13.0sp1/projects/2018011501eda2/ChargePhone1/main/db/add_sub_mkc.tdf         ;         ;
; db/lpm_divide_45m.tdf            ; yes             ; Auto-Generated Megafunction        ; C:/altera/13.0sp1/projects/2018011501eda2/ChargePhone1/main/db/lpm_divide_45m.tdf      ;         ;
; db/sign_div_unsign_bkh.tdf       ; yes             ; Auto-Generated Megafunction        ; C:/altera/13.0sp1/projects/2018011501eda2/ChargePhone1/main/db/sign_div_unsign_bkh.tdf ;         ;
; db/alt_u_div_ove.tdf             ; yes             ; Auto-Generated Megafunction        ; C:/altera/13.0sp1/projects/2018011501eda2/ChargePhone1/main/db/alt_u_div_ove.tdf       ;         ;
; db/lpm_divide_1dm.tdf            ; yes             ; Auto-Generated Megafunction        ; C:/altera/13.0sp1/projects/2018011501eda2/ChargePhone1/main/db/lpm_divide_1dm.tdf      ;         ;
+----------------------------------+-----------------+------------------------------------+----------------------------------------------------------------------------------------+---------+


+--------------------------------------------------------------+
; Analysis & Synthesis Resource Usage Summary                  ;
+---------------------------------------------+----------------+
; Resource                                    ; Usage          ;
+---------------------------------------------+----------------+
; Estimated Total logic elements              ; 657            ;
;                                             ;                ;
; Total combinational functions               ; 656            ;
; Logic element usage by number of LUT inputs ;                ;
;     -- 4 input functions                    ; 194            ;
;     -- 3 input functions                    ; 141            ;
;     -- <=2 input functions                  ; 321            ;
;                                             ;                ;
; Logic elements by mode                      ;                ;
;     -- normal mode                          ; 442            ;
;     -- arithmetic mode                      ; 214            ;
;                                             ;                ;
; Total registers                             ; 131            ;
;     -- Dedicated logic registers            ; 131            ;
;     -- I/O registers                        ; 0              ;
;                                             ;                ;
; I/O pins                                    ; 20             ;
; Embedded Multiplier 9-bit elements          ; 0              ;
; Maximum fan-out node                        ; freq:inst|OCLK ;
; Maximum fan-out                             ; 105            ;
; Total fan-out                               ; 2197           ;
; Average fan-out                             ; 2.72           ;
+---------------------------------------------+----------------+


+------------------------------------------------------------------------------------------------------------------------------------------------------------------------------------------------------------------------------------------------------------------------------------------------------------+
; Analysis & Synthesis Resource Utilization by Entity                                                                                                                                                                                                                                                        ;
+----------------------------------------------+-------------------+--------------+-------------+--------------+---------+-----------+------+--------------+----------------------------------------------------------------------------------------------------------------------------------+--------------+
; Compilation Hierarchy Node                   ; LC Combinationals ; LC Registers ; Memory Bits ; DSP Elements ; DSP 9x9 ; DSP 18x18 ; Pins ; Virtual Pins ; Full Hierarchy Name                                                                                                              ; Library Name ;
+----------------------------------------------+-------------------+--------------+-------------+--------------+---------+-----------+------+--------------+----------------------------------------------------------------------------------------------------------------------------------+--------------+
; |main                                        ; 656 (0)           ; 131 (0)      ; 0           ; 0            ; 0       ; 0         ; 20   ; 0            ; |main                                                                                                                            ; work         ;
;    |freq:inst|                               ; 25 (25)           ; 14 (14)      ; 0           ; 0            ; 0       ; 0         ; 0    ; 0            ; |main|freq:inst                                                                                                                  ; work         ;
;    |keyMatrix:inst7|                         ; 96 (96)           ; 49 (49)      ; 0           ; 0            ; 0       ; 0         ; 0    ; 0            ; |main|keyMatrix:inst7                                                                                                            ; work         ;
;    |mechine:inst1|                           ; 271 (162)         ; 53 (53)      ; 0           ; 0            ; 0       ; 0         ; 0    ; 0            ; |main|mechine:inst1                                                                                                              ; work         ;
;       |lpm_divide:Mod0|                      ; 109 (0)           ; 0 (0)        ; 0           ; 0            ; 0       ; 0         ; 0    ; 0            ; |main|mechine:inst1|lpm_divide:Mod0                                                                                              ; work         ;
;          |lpm_divide_j6m:auto_generated|     ; 109 (0)           ; 0 (0)        ; 0           ; 0            ; 0       ; 0         ; 0    ; 0            ; |main|mechine:inst1|lpm_divide:Mod0|lpm_divide_j6m:auto_generated                                                                ; work         ;
;             |sign_div_unsign_qlh:divider|    ; 109 (0)           ; 0 (0)        ; 0           ; 0            ; 0       ; 0         ; 0    ; 0            ; |main|mechine:inst1|lpm_divide:Mod0|lpm_divide_j6m:auto_generated|sign_div_unsign_qlh:divider                                    ; work         ;
;                |alt_u_div_m2f:divider|       ; 109 (109)         ; 0 (0)        ; 0           ; 0            ; 0       ; 0         ; 0    ; 0            ; |main|mechine:inst1|lpm_divide:Mod0|lpm_divide_j6m:auto_generated|sign_div_unsign_qlh:divider|alt_u_div_m2f:divider              ; work         ;
;    |showall:inst5|                           ; 264 (0)           ; 15 (0)       ; 0           ; 0            ; 0       ; 0         ; 0    ; 0            ; |main|showall:inst5                                                                                                              ; work         ;
;       |DigChoose:dc|                         ; 257 (32)          ; 8 (8)        ; 0           ; 0            ; 0       ; 0         ; 0    ; 0            ; |main|showall:inst5|DigChoose:dc                                                                                                 ; work         ;
;          |lpm_divide:Div0|                   ; 55 (0)            ; 0 (0)        ; 0           ; 0            ; 0       ; 0         ; 0    ; 0            ; |main|showall:inst5|DigChoose:dc|lpm_divide:Div0                                                                                 ; work         ;
;             |lpm_divide_1dm:auto_generated|  ; 55 (0)            ; 0 (0)        ; 0           ; 0            ; 0       ; 0         ; 0    ; 0            ; |main|showall:inst5|DigChoose:dc|lpm_divide:Div0|lpm_divide_1dm:auto_generated                                                   ; work         ;
;                |sign_div_unsign_bkh:divider| ; 55 (0)            ; 0 (0)        ; 0           ; 0            ; 0       ; 0         ; 0    ; 0            ; |main|showall:inst5|DigChoose:dc|lpm_divide:Div0|lpm_divide_1dm:auto_generated|sign_div_unsign_bkh:divider                       ; work         ;
;                   |alt_u_div_ove:divider|    ; 55 (55)           ; 0 (0)        ; 0           ; 0            ; 0       ; 0         ; 0    ; 0            ; |main|showall:inst5|DigChoose:dc|lpm_divide:Div0|lpm_divide_1dm:auto_generated|sign_div_unsign_bkh:divider|alt_u_div_ove:divider ; work         ;
;          |lpm_divide:Div1|                   ; 56 (0)            ; 0 (0)        ; 0           ; 0            ; 0       ; 0         ; 0    ; 0            ; |main|showall:inst5|DigChoose:dc|lpm_divide:Div1                                                                                 ; work         ;
;             |lpm_divide_1dm:auto_generated|  ; 56 (0)            ; 0 (0)        ; 0           ; 0            ; 0       ; 0         ; 0    ; 0            ; |main|showall:inst5|DigChoose:dc|lpm_divide:Div1|lpm_divide_1dm:auto_generated                                                   ; work         ;
;                |sign_div_unsign_bkh:divider| ; 56 (0)            ; 0 (0)        ; 0           ; 0            ; 0       ; 0         ; 0    ; 0            ; |main|showall:inst5|DigChoose:dc|lpm_divide:Div1|lpm_divide_1dm:auto_generated|sign_div_unsign_bkh:divider                       ; work         ;
;                   |alt_u_div_ove:divider|    ; 56 (56)           ; 0 (0)        ; 0           ; 0            ; 0       ; 0         ; 0    ; 0            ; |main|showall:inst5|DigChoose:dc|lpm_divide:Div1|lpm_divide_1dm:auto_generated|sign_div_unsign_bkh:divider|alt_u_div_ove:divider ; work         ;
;          |lpm_divide:Mod0|                   ; 55 (0)            ; 0 (0)        ; 0           ; 0            ; 0       ; 0         ; 0    ; 0            ; |main|showall:inst5|DigChoose:dc|lpm_divide:Mod0                                                                                 ; work         ;
;             |lpm_divide_45m:auto_generated|  ; 55 (0)            ; 0 (0)        ; 0           ; 0            ; 0       ; 0         ; 0    ; 0            ; |main|showall:inst5|DigChoose:dc|lpm_divide:Mod0|lpm_divide_45m:auto_generated                                                   ; work         ;
;                |sign_div_unsign_bkh:divider| ; 55 (0)            ; 0 (0)        ; 0           ; 0            ; 0       ; 0         ; 0    ; 0            ; |main|showall:inst5|DigChoose:dc|lpm_divide:Mod0|lpm_divide_45m:auto_generated|sign_div_unsign_bkh:divider                       ; work         ;
;                   |alt_u_div_ove:divider|    ; 55 (55)           ; 0 (0)        ; 0           ; 0            ; 0       ; 0         ; 0    ; 0            ; |main|showall:inst5|DigChoose:dc|lpm_divide:Mod0|lpm_divide_45m:auto_generated|sign_div_unsign_bkh:divider|alt_u_div_ove:divider ; work         ;
;          |lpm_divide:Mod1|                   ; 59 (0)            ; 0 (0)        ; 0           ; 0            ; 0       ; 0         ; 0    ; 0            ; |main|showall:inst5|DigChoose:dc|lpm_divide:Mod1                                                                                 ; work         ;
;             |lpm_divide_45m:auto_generated|  ; 59 (0)            ; 0 (0)        ; 0           ; 0            ; 0       ; 0         ; 0    ; 0            ; |main|showall:inst5|DigChoose:dc|lpm_divide:Mod1|lpm_divide_45m:auto_generated                                                   ; work         ;
;                |sign_div_unsign_bkh:divider| ; 59 (0)            ; 0 (0)        ; 0           ; 0            ; 0       ; 0         ; 0    ; 0            ; |main|showall:inst5|DigChoose:dc|lpm_divide:Mod1|lpm_divide_45m:auto_generated|sign_div_unsign_bkh:divider                       ; work         ;
;                   |alt_u_div_ove:divider|    ; 59 (59)           ; 0 (0)        ; 0           ; 0            ; 0       ; 0         ; 0    ; 0            ; |main|showall:inst5|DigChoose:dc|lpm_divide:Mod1|lpm_divide_45m:auto_generated|sign_div_unsign_bkh:divider|alt_u_div_ove:divider ; work         ;
;       |show:sh|                              ; 7 (7)             ; 7 (7)        ; 0           ; 0            ; 0       ; 0         ; 0    ; 0            ; |main|showall:inst5|show:sh                                                                                                      ; work         ;
+----------------------------------------------+-------------------+--------------+-------------+--------------+---------+-----------+------+--------------+----------------------------------------------------------------------------------------------------------------------------------+--------------+
Note: For table entries with two numbers listed, the numbers in parentheses indicate the number of resources of the given type used by the specific entity alone. The numbers listed outside of parentheses indicate the total resources of the given type used by the specific entity and all of its sub-entities in the hierarchy.


Encoding Type:  One-Hot
+-------------------------------------------+
; State Machine - |main|mechine:inst1|state ;
+----------+----------+----------+----------+
; Name     ; state.S0 ; state.S2 ; state.S1 ;
+----------+----------+----------+----------+
; state.S0 ; 0        ; 0        ; 0        ;
; state.S1 ; 1        ; 0        ; 1        ;
; state.S2 ; 1        ; 1        ; 0        ;
+----------+----------+----------+----------+


+----------------------------------------------------------------------------+
; Registers Removed During Synthesis                                         ;
+---------------------------------------+------------------------------------+
; Register name                         ; Reason for Removal                 ;
+---------------------------------------+------------------------------------+
; mechine:inst1|money[6]                ; Merged with mechine:inst1|money[5] ;
; Total Number of Removed Registers = 1 ;                                    ;
+---------------------------------------+------------------------------------+


+------------------------------------------------------+
; General Register Statistics                          ;
+----------------------------------------------+-------+
; Statistic                                    ; Value ;
+----------------------------------------------+-------+
; Total registers                              ; 131   ;
; Number of registers using Synchronous Clear  ; 61    ;
; Number of registers using Synchronous Load   ; 1     ;
; Number of registers using Asynchronous Clear ; 0     ;
; Number of registers using Asynchronous Load  ; 0     ;
; Number of registers using Clock Enable       ; 79    ;
; Number of registers using Preset             ; 0     ;
+----------------------------------------------+-------+


+---------------------------------------------------+
; Inverted Register Statistics                      ;
+-----------------------------------------+---------+
; Inverted Register                       ; Fan out ;
+-----------------------------------------+---------+
; showall:inst5|DigChoose:dc|dig[0]       ; 16      ;
; mechine:inst1|money[0]                  ; 5       ;
; mechine:inst1|money[1]                  ; 9       ;
; mechine:inst1|money[2]                  ; 11      ;
; mechine:inst1|money[3]                  ; 12      ;
; mechine:inst1|money[4]                  ; 13      ;
; mechine:inst1|money[5]                  ; 17      ;
; mechine:inst1|money[7]                  ; 11      ;
; mechine:inst1|restime[0]                ; 9       ;
; mechine:inst1|restime[1]                ; 8       ;
; mechine:inst1|restime[2]                ; 9       ;
; mechine:inst1|restime[3]                ; 11      ;
; mechine:inst1|restime[4]                ; 11      ;
; mechine:inst1|restime[5]                ; 9       ;
; mechine:inst1|restime[6]                ; 9       ;
; mechine:inst1|restime[7]                ; 7       ;
; keyMatrix:inst7|num[4]                  ; 2       ;
; keyMatrix:inst7|num[2]                  ; 2       ;
; Total number of inverted registers = 18 ;         ;
+-----------------------------------------+---------+


+-------------------------------------------------------------------------------------------------------------------------------------------------------+
; Multiplexer Restructuring Statistics (Restructuring Performed)                                                                                        ;
+--------------------+-----------+---------------+----------------------+------------------------+------------+-----------------------------------------+
; Multiplexer Inputs ; Bus Width ; Baseline Area ; Area if Restructured ; Saving if Restructured ; Registered ; Example Multiplexer Output              ;
+--------------------+-----------+---------------+----------------------+------------------------+------------+-----------------------------------------+
; 3:1                ; 14 bits   ; 28 LEs        ; 14 LEs               ; 14 LEs                 ; Yes        ; |main|keyMatrix:inst7|negCnt[8]         ;
; 6:1                ; 14 bits   ; 56 LEs        ; 14 LEs               ; 42 LEs                 ; Yes        ; |main|keyMatrix:inst7|posCnt[3]         ;
; 17:1               ; 4 bits    ; 44 LEs        ; 20 LEs               ; 24 LEs                 ; Yes        ; |main|showall:inst5|DigChoose:dc|num[0] ;
; 11:1               ; 18 bits   ; 126 LEs       ; 18 LEs               ; 108 LEs                ; Yes        ; |main|mechine:inst1|pause_count[17]     ;
; 15:1               ; 7 bits    ; 70 LEs        ; 21 LEs               ; 49 LEs                 ; Yes        ; |main|mechine:inst1|money[5]            ;
; 15:1               ; 7 bits    ; 70 LEs        ; 21 LEs               ; 49 LEs                 ; Yes        ; |main|mechine:inst1|restime[4]          ;
; 16:1               ; 2 bits    ; 20 LEs        ; 6 LEs                ; 14 LEs                 ; No         ; |main|keyMatrix:inst7|Mux0              ;
; 16:1               ; 3 bits    ; 30 LEs        ; 9 LEs                ; 21 LEs                 ; No         ; |main|keyMatrix:inst7|Mux3              ;
+--------------------+-----------+---------------+----------------------+------------------------+------------+-----------------------------------------+


+------------------------------------------------------------+
; Parameter Settings for User Entity Instance: mechine:inst1 ;
+----------------+--------+----------------------------------+
; Parameter Name ; Value  ; Type                             ;
+----------------+--------+----------------------------------+
; S0             ; 00     ; Unsigned Binary                  ;
; S1             ; 01     ; Unsigned Binary                  ;
; S2             ; 10     ; Unsigned Binary                  ;
; second         ; 25000  ; Signed Integer                   ;
; pause          ; 250000 ; Signed Integer                   ;
+----------------+--------+----------------------------------+
Note: In order to hide this table in the UI and the text report file, please set the "Show Parameter Settings in Synthesis Report" option in "Analysis and Synthesis Settings -> More Settings" to "Off".


+--------------------------------------------------------------------------------+
; Parameter Settings for Inferred Entity Instance: mechine:inst1|lpm_divide:Mod0 ;
+------------------------+----------------+--------------------------------------+
; Parameter Name         ; Value          ; Type                                 ;
+------------------------+----------------+--------------------------------------+
; LPM_WIDTHN             ; 13             ; Untyped                              ;
; LPM_WIDTHD             ; 7              ; Untyped                              ;
; LPM_NREPRESENTATION    ; UNSIGNED       ; Untyped                              ;
; LPM_DREPRESENTATION    ; UNSIGNED       ; Untyped                              ;
; LPM_PIPELINE           ; 0              ; Untyped                              ;
; LPM_REMAINDERPOSITIVE  ; TRUE           ; Untyped                              ;
; MAXIMIZE_SPEED         ; 5              ; Untyped                              ;
; CBXI_PARAMETER         ; lpm_divide_j6m ; Untyped                              ;
; CARRY_CHAIN            ; MANUAL         ; Untyped                              ;
; OPTIMIZE_FOR_SPEED     ; 5              ; Untyped                              ;
; AUTO_CARRY_CHAINS      ; ON             ; AUTO_CARRY                           ;
; IGNORE_CARRY_BUFFERS   ; OFF            ; IGNORE_CARRY                         ;
; AUTO_CASCADE_CHAINS    ; ON             ; AUTO_CASCADE                         ;
; IGNORE_CASCADE_BUFFERS ; OFF            ; IGNORE_CASCADE                       ;
+------------------------+----------------+--------------------------------------+
Note: In order to hide this table in the UI and the text report file, please set the "Show Parameter Settings in Synthesis Report" option in "Analysis and Synthesis Settings -> More Settings" to "Off".


+---------------------------------------------------------------------------------------------+
; Parameter Settings for Inferred Entity Instance: showall:inst5|DigChoose:dc|lpm_divide:Mod0 ;
+------------------------+----------------+---------------------------------------------------+
; Parameter Name         ; Value          ; Type                                              ;
+------------------------+----------------+---------------------------------------------------+
; LPM_WIDTHN             ; 8              ; Untyped                                           ;
; LPM_WIDTHD             ; 4              ; Untyped                                           ;
; LPM_NREPRESENTATION    ; UNSIGNED       ; Untyped                                           ;
; LPM_DREPRESENTATION    ; UNSIGNED       ; Untyped                                           ;
; LPM_PIPELINE           ; 0              ; Untyped                                           ;
; LPM_REMAINDERPOSITIVE  ; TRUE           ; Untyped                                           ;
; MAXIMIZE_SPEED         ; 5              ; Untyped                                           ;
; CBXI_PARAMETER         ; lpm_divide_45m ; Untyped                                           ;
; CARRY_CHAIN            ; MANUAL         ; Untyped                                           ;
; OPTIMIZE_FOR_SPEED     ; 5              ; Untyped                                           ;
; AUTO_CARRY_CHAINS      ; ON             ; AUTO_CARRY                                        ;
; IGNORE_CARRY_BUFFERS   ; OFF            ; IGNORE_CARRY                                      ;
; AUTO_CASCADE_CHAINS    ; ON             ; AUTO_CASCADE                                      ;
; IGNORE_CASCADE_BUFFERS ; OFF            ; IGNORE_CASCADE                                    ;
+------------------------+----------------+---------------------------------------------------+
Note: In order to hide this table in the UI and the text report file, please set the "Show Parameter Settings in Synthesis Report" option in "Analysis and Synthesis Settings -> More Settings" to "Off".


+---------------------------------------------------------------------------------------------+
; Parameter Settings for Inferred Entity Instance: showall:inst5|DigChoose:dc|lpm_divide:Div0 ;
+------------------------+----------------+---------------------------------------------------+
; Parameter Name         ; Value          ; Type                                              ;
+------------------------+----------------+---------------------------------------------------+
; LPM_WIDTHN             ; 8              ; Untyped                                           ;
; LPM_WIDTHD             ; 4              ; Untyped                                           ;
; LPM_NREPRESENTATION    ; UNSIGNED       ; Untyped                                           ;
; LPM_DREPRESENTATION    ; UNSIGNED       ; Untyped                                           ;
; LPM_PIPELINE           ; 0              ; Untyped                                           ;
; LPM_REMAINDERPOSITIVE  ; TRUE           ; Untyped                                           ;
; MAXIMIZE_SPEED         ; 5              ; Untyped                                           ;
; CBXI_PARAMETER         ; lpm_divide_1dm ; Untyped                                           ;
; CARRY_CHAIN            ; MANUAL         ; Untyped                                           ;
; OPTIMIZE_FOR_SPEED     ; 5              ; Untyped                                           ;
; AUTO_CARRY_CHAINS      ; ON             ; AUTO_CARRY                                        ;
; IGNORE_CARRY_BUFFERS   ; OFF            ; IGNORE_CARRY                                      ;
; AUTO_CASCADE_CHAINS    ; ON             ; AUTO_CASCADE                                      ;
; IGNORE_CASCADE_BUFFERS ; OFF            ; IGNORE_CASCADE                                    ;
+------------------------+----------------+---------------------------------------------------+
Note: In order to hide this table in the UI and the text report file, please set the "Show Parameter Settings in Synthesis Report" option in "Analysis and Synthesis Settings -> More Settings" to "Off".


+---------------------------------------------------------------------------------------------+
; Parameter Settings for Inferred Entity Instance: showall:inst5|DigChoose:dc|lpm_divide:Mod1 ;
+------------------------+----------------+---------------------------------------------------+
; Parameter Name         ; Value          ; Type                                              ;
+------------------------+----------------+---------------------------------------------------+
; LPM_WIDTHN             ; 8              ; Untyped                                           ;
; LPM_WIDTHD             ; 4              ; Untyped                                           ;
; LPM_NREPRESENTATION    ; UNSIGNED       ; Untyped                                           ;
; LPM_DREPRESENTATION    ; UNSIGNED       ; Untyped                                           ;
; LPM_PIPELINE           ; 0              ; Untyped                                           ;
; LPM_REMAINDERPOSITIVE  ; TRUE           ; Untyped                                           ;
; MAXIMIZE_SPEED         ; 5              ; Untyped                                           ;
; CBXI_PARAMETER         ; lpm_divide_45m ; Untyped                                           ;
; CARRY_CHAIN            ; MANUAL         ; Untyped                                           ;
; OPTIMIZE_FOR_SPEED     ; 5              ; Untyped                                           ;
; AUTO_CARRY_CHAINS      ; ON             ; AUTO_CARRY                                        ;
; IGNORE_CARRY_BUFFERS   ; OFF            ; IGNORE_CARRY                                      ;
; AUTO_CASCADE_CHAINS    ; ON             ; AUTO_CASCADE                                      ;
; IGNORE_CASCADE_BUFFERS ; OFF            ; IGNORE_CASCADE                                    ;
+------------------------+----------------+---------------------------------------------------+
Note: In order to hide this table in the UI and the text report file, please set the "Show Parameter Settings in Synthesis Report" option in "Analysis and Synthesis Settings -> More Settings" to "Off".


+---------------------------------------------------------------------------------------------+
; Parameter Settings for Inferred Entity Instance: showall:inst5|DigChoose:dc|lpm_divide:Div1 ;
+------------------------+----------------+---------------------------------------------------+
; Parameter Name         ; Value          ; Type                                              ;
+------------------------+----------------+---------------------------------------------------+
; LPM_WIDTHN             ; 8              ; Untyped                                           ;
; LPM_WIDTHD             ; 4              ; Untyped                                           ;
; LPM_NREPRESENTATION    ; UNSIGNED       ; Untyped                                           ;
; LPM_DREPRESENTATION    ; UNSIGNED       ; Untyped                                           ;
; LPM_PIPELINE           ; 0              ; Untyped                                           ;
; LPM_REMAINDERPOSITIVE  ; TRUE           ; Untyped                                           ;
; MAXIMIZE_SPEED         ; 5              ; Untyped                                           ;
; CBXI_PARAMETER         ; lpm_divide_1dm ; Untyped                                           ;
; CARRY_CHAIN            ; MANUAL         ; Untyped                                           ;
; OPTIMIZE_FOR_SPEED     ; 5              ; Untyped                                           ;
; AUTO_CARRY_CHAINS      ; ON             ; AUTO_CARRY                                        ;
; IGNORE_CARRY_BUFFERS   ; OFF            ; IGNORE_CARRY                                      ;
; AUTO_CASCADE_CHAINS    ; ON             ; AUTO_CASCADE                                      ;
; IGNORE_CASCADE_BUFFERS ; OFF            ; IGNORE_CASCADE                                    ;
+------------------------+----------------+---------------------------------------------------+
Note: In order to hide this table in the UI and the text report file, please set the "Show Parameter Settings in Synthesis Report" option in "Analysis and Synthesis Settings -> More Settings" to "Off".


+-----------------------------------------------------------------------------------------------------------------------------------------------------------------------+
; Port Connectivity Checks: "showall:inst5|show:sh"                                                                                                                     ;
+------+-------+----------+---------------------------------------------------------------------------------------------------------------------------------------------+
; Port ; Type  ; Severity ; Details                                                                                                                                     ;
+------+-------+----------+---------------------------------------------------------------------------------------------------------------------------------------------+
; num  ; Input ; Warning  ; Input port expression (4 bits) is smaller than the input port (5 bits) it drives.  Extra input bit(s) "num[4..4]" will be connected to GND. ;
+------+-------+----------+---------------------------------------------------------------------------------------------------------------------------------------------+


+-------------------------------+
; Elapsed Time Per Partition    ;
+----------------+--------------+
; Partition Name ; Elapsed Time ;
+----------------+--------------+
; Top            ; 00:00:03     ;
+----------------+--------------+


+-------------------------------+
; Analysis & Synthesis Messages ;
+-------------------------------+
Info: *******************************************************************
Info: Running Quartus II 64-Bit Analysis & Synthesis
    Info: Version 13.0.1 Build 232 06/12/2013 Service Pack 1 SJ Full Version
    Info: Processing started: Fri Dec 20 14:58:24 2019
Info: Command: quartus_map --read_settings_files=on --write_settings_files=off main -c main
Info (11104): Parallel Compilation has detected 4 hyper-threaded processors. However, the extra hyper-threaded processors will not be used by default. Parallel Compilation will use 2 of the 2 physical processors detected instead.
Info (12021): Found 1 design units, including 1 entities, in source file /altera/13.0sp1/projects/2018011501eda2/chargephone1/keymatrix/keymatrix.v
    Info (12023): Found entity 1: keyMatrix
Info (12021): Found 1 design units, including 1 entities, in source file /altera/13.0sp1/projects/2018011501eda2/chargephone1/showall/showall.v
    Info (12023): Found entity 1: showall
Info (12021): Found 1 design units, including 1 entities, in source file /altera/13.0sp1/projects/2018011501eda2/chargephone1/digchoose/digchoose.v
    Info (12023): Found entity 1: DigChoose
Info (12021): Found 1 design units, including 1 entities, in source file /altera/13.0sp1/projects/2018011501eda2/chargephone1/show/show.v
    Info (12023): Found entity 1: show
Warning (10090): Verilog HDL syntax warning at mechine.v(344): extra block comment delimiter characters /* within block comment
Info (12021): Found 1 design units, including 1 entities, in source file /altera/13.0sp1/projects/2018011501eda2/chargephone1/mechine/mechine.v
    Info (12023): Found entity 1: mechine
Info (12021): Found 1 design units, including 1 entities, in source file /altera/13.0sp1/projects/2018011501eda2/chargephone1/freq/freq_test.v
    Info (12023): Found entity 1: freq_test
Info (12021): Found 1 design units, including 1 entities, in source file /altera/13.0sp1/projects/2018011501eda2/chargephone1/freq/freq.v
    Info (12023): Found entity 1: freq
Info (12021): Found 1 design units, including 1 entities, in source file main.bdf
    Info (12023): Found entity 1: main
Info (12127): Elaborating entity "main" for the top level hierarchy
Info (12128): Elaborating entity "showall" for hierarchy "showall:inst5"
Info (12128): Elaborating entity "DigChoose" for hierarchy "showall:inst5|DigChoose:dc"
Warning (10230): Verilog HDL assignment warning at DigChoose.v(24): truncated value with size 32 to match size of target (4)
Warning (10230): Verilog HDL assignment warning at DigChoose.v(29): truncated value with size 32 to match size of target (4)
Warning (10230): Verilog HDL assignment warning at DigChoose.v(34): truncated value with size 32 to match size of target (4)
Warning (10230): Verilog HDL assignment warning at DigChoose.v(39): truncated value with size 32 to match size of target (4)
Info (10264): Verilog HDL Case Statement information at DigChoose.v(20): all case item expressions in this case statement are onehot
Info (12128): Elaborating entity "show" for hierarchy "showall:inst5|show:sh"
Info (12128): Elaborating entity "freq" for hierarchy "freq:inst"
Warning (10230): Verilog HDL assignment warning at freq.v(15): truncated value with size 32 to match size of target (13)
Info (12128): Elaborating entity "mechine" for hierarchy "mechine:inst1"
Warning (10230): Verilog HDL assignment warning at mechine.v(100): truncated value with size 32 to match size of target (8)
Warning (10230): Verilog HDL assignment warning at mechine.v(109): truncated value with size 32 to match size of target (8)
Warning (10230): Verilog HDL assignment warning at mechine.v(117): truncated value with size 32 to match size of target (18)
Warning (10230): Verilog HDL assignment warning at mechine.v(120): truncated value with size 32 to match size of target (18)
Warning (10230): Verilog HDL assignment warning at mechine.v(135): truncated value with size 32 to match size of target (15)
Warning (10230): Verilog HDL assignment warning at mechine.v(141): truncated value with size 32 to match size of target (8)
Info (12128): Elaborating entity "keyMatrix" for hierarchy "keyMatrix:inst7"
Warning (10230): Verilog HDL assignment warning at keyMatrix.v(45): truncated value with size 32 to match size of target (2)
Warning (10230): Verilog HDL assignment warning at keyMatrix.v(54): truncated value with size 32 to match size of target (14)
Warning (10230): Verilog HDL assignment warning at keyMatrix.v(57): truncated value with size 32 to match size of target (14)
Warning (10230): Verilog HDL assignment warning at keyMatrix.v(80): truncated value with size 32 to match size of target (5)
Warning (10230): Verilog HDL assignment warning at keyMatrix.v(81): truncated value with size 32 to match size of target (5)
Warning (10230): Verilog HDL assignment warning at keyMatrix.v(82): truncated value with size 32 to match size of target (5)
Warning (10230): Verilog HDL assignment warning at keyMatrix.v(83): truncated value with size 32 to match size of target (5)
Info (278001): Inferred 5 megafunctions from design logic
    Info (278004): Inferred divider/modulo megafunction ("lpm_divide") from the following logic: "mechine:inst1|Mod0"
    Info (278004): Inferred divider/modulo megafunction ("lpm_divide") from the following logic: "showall:inst5|DigChoose:dc|Mod0"
    Info (278004): Inferred divider/modulo megafunction ("lpm_divide") from the following logic: "showall:inst5|DigChoose:dc|Div0"
    Info (278004): Inferred divider/modulo megafunction ("lpm_divide") from the following logic: "showall:inst5|DigChoose:dc|Mod1"
    Info (278004): Inferred divider/modulo megafunction ("lpm_divide") from the following logic: "showall:inst5|DigChoose:dc|Div1"
Info (12130): Elaborated megafunction instantiation "mechine:inst1|lpm_divide:Mod0"
Info (12133): Instantiated megafunction "mechine:inst1|lpm_divide:Mod0" with the following parameter:
    Info (12134): Parameter "LPM_WIDTHN" = "13"
    Info (12134): Parameter "LPM_WIDTHD" = "7"
    Info (12134): Parameter "LPM_NREPRESENTATION" = "UNSIGNED"
    Info (12134): Parameter "LPM_DREPRESENTATION" = "UNSIGNED"
Info (12021): Found 1 design units, including 1 entities, in source file db/lpm_divide_j6m.tdf
    Info (12023): Found entity 1: lpm_divide_j6m
Info (12021): Found 1 design units, including 1 entities, in source file db/sign_div_unsign_qlh.tdf
    Info (12023): Found entity 1: sign_div_unsign_qlh
Info (12021): Found 1 design units, including 1 entities, in source file db/alt_u_div_m2f.tdf
    Info (12023): Found entity 1: alt_u_div_m2f
Info (12021): Found 1 design units, including 1 entities, in source file db/add_sub_lkc.tdf
    Info (12023): Found entity 1: add_sub_lkc
Info (12021): Found 1 design units, including 1 entities, in source file db/add_sub_mkc.tdf
    Info (12023): Found entity 1: add_sub_mkc
Info (12130): Elaborated megafunction instantiation "showall:inst5|DigChoose:dc|lpm_divide:Mod0"
Info (12133): Instantiated megafunction "showall:inst5|DigChoose:dc|lpm_divide:Mod0" with the following parameter:
    Info (12134): Parameter "LPM_WIDTHN" = "8"
    Info (12134): Parameter "LPM_WIDTHD" = "4"
    Info (12134): Parameter "LPM_NREPRESENTATION" = "UNSIGNED"
    Info (12134): Parameter "LPM_DREPRESENTATION" = "UNSIGNED"
Info (12021): Found 1 design units, including 1 entities, in source file db/lpm_divide_45m.tdf
    Info (12023): Found entity 1: lpm_divide_45m
Info (12021): Found 1 design units, including 1 entities, in source file db/sign_div_unsign_bkh.tdf
    Info (12023): Found entity 1: sign_div_unsign_bkh
Info (12021): Found 1 design units, including 1 entities, in source file db/alt_u_div_ove.tdf
    Info (12023): Found entity 1: alt_u_div_ove
Info (12130): Elaborated megafunction instantiation "showall:inst5|DigChoose:dc|lpm_divide:Div0"
Info (12133): Instantiated megafunction "showall:inst5|DigChoose:dc|lpm_divide:Div0" with the following parameter:
    Info (12134): Parameter "LPM_WIDTHN" = "8"
    Info (12134): Parameter "LPM_WIDTHD" = "4"
    Info (12134): Parameter "LPM_NREPRESENTATION" = "UNSIGNED"
    Info (12134): Parameter "LPM_DREPRESENTATION" = "UNSIGNED"
Info (12021): Found 1 design units, including 1 entities, in source file db/lpm_divide_1dm.tdf
    Info (12023): Found entity 1: lpm_divide_1dm
Warning (12241): 1 hierarchies have connectivity warnings - see the Connectivity Checks report folder
Info (144001): Generated suppressed messages file C:/altera/13.0sp1/projects/2018011501eda2/ChargePhone1/main/output_files/main.map.smsg
Info (16010): Generating hard_block partition "hard_block:auto_generated_inst"
    Info (16011): Adding 0 node(s), including 0 DDIO, 0 PLL, 0 transceiver and 0 LCELL
Info (21057): Implemented 683 device resources after synthesis - the final resource count might be different
    Info (21058): Implemented 5 input pins
    Info (21059): Implemented 15 output pins
    Info (21061): Implemented 663 logic cells
Info: Quartus II 64-Bit Analysis & Synthesis was successful. 0 errors, 20 warnings
    Info: Peak virtual memory: 4635 megabytes
    Info: Processing ended: Fri Dec 20 14:58:32 2019
    Info: Elapsed time: 00:00:08
    Info: Total CPU time (on all processors): 00:00:06


+------------------------------------------+
; Analysis & Synthesis Suppressed Messages ;
+------------------------------------------+
The suppressed messages can be found in C:/altera/13.0sp1/projects/2018011501eda2/ChargePhone1/main/output_files/main.map.smsg.


